<?xml version="1.0" encoding="UTF-8" ?>
<testsuites name="vitest tests" tests="40" failures="0" errors="0" time="0.062849543">
    <testsuite name="src/lib/__tests__/data.test.ts" timestamp="2026-02-10T08:31:44.521Z" hostname="jsingh" tests="14" failures="0" errors="0" skipped="0" time="0.009301297">
        <testcase classname="src/lib/__tests__/data.test.ts" name="Mock data — structural validation &gt; &apos;sponsors&apos; page has required top-level fields" time="0.001850787">
        </testcase>
        <testcase classname="src/lib/__tests__/data.test.ts" name="Mock data — structural validation &gt; &apos;about&apos; page has required top-level fields" time="0.000417501">
        </testcase>
        <testcase classname="src/lib/__tests__/data.test.ts" name="Mock data — structural validation &gt; &apos;projects&apos; page has required top-level fields" time="0.000230827">
        </testcase>
        <testcase classname="src/lib/__tests__/data.test.ts" name="Mock data — structural validation &gt; &apos;contact&apos; page has required top-level fields" time="0.000274656">
        </testcase>
        <testcase classname="src/lib/__tests__/data.test.ts" name="Mock data — structural validation &gt; &apos;sponsors&apos; page blocks all have _type and _key" time="0.001122816">
        </testcase>
        <testcase classname="src/lib/__tests__/data.test.ts" name="Mock data — structural validation &gt; &apos;about&apos; page blocks all have _type and _key" time="0.000842939">
        </testcase>
        <testcase classname="src/lib/__tests__/data.test.ts" name="Mock data — structural validation &gt; &apos;projects&apos; page blocks all have _type and _key" time="0.000495959">
        </testcase>
        <testcase classname="src/lib/__tests__/data.test.ts" name="Mock data — structural validation &gt; &apos;contact&apos; page blocks all have _type and _key" time="0.000451321">
        </testcase>
        <testcase classname="src/lib/__tests__/data.test.ts" name="Mock data — structural validation &gt; &apos;sponsors&apos; page block _keys are unique" time="0.000462002">
        </testcase>
        <testcase classname="src/lib/__tests__/data.test.ts" name="Mock data — structural validation &gt; &apos;about&apos; page block _keys are unique" time="0.000257636">
        </testcase>
        <testcase classname="src/lib/__tests__/data.test.ts" name="Mock data — structural validation &gt; &apos;projects&apos; page block _keys are unique" time="0.000109793">
        </testcase>
        <testcase classname="src/lib/__tests__/data.test.ts" name="Mock data — structural validation &gt; &apos;contact&apos; page block _keys are unique" time="0.000069385">
        </testcase>
        <testcase classname="src/lib/__tests__/data.test.ts" name="Mock data — structural validation &gt; sponsors page contains sponsorCards or sponsorSteps block" time="0.000150961">
        </testcase>
        <testcase classname="src/lib/__tests__/data.test.ts" name="Mock data — structural validation &gt; contact page contains contactForm block" time="0.000731833">
        </testcase>
    </testsuite>
    <testsuite name="src/lib/__tests__/sanity.test.ts" timestamp="2026-02-10T08:31:44.526Z" hostname="jsingh" tests="9" failures="0" errors="0" skipped="0" time="0.008845183">
        <testcase classname="src/lib/__tests__/sanity.test.ts" name="GROQ query definitions &gt; SITE_SETTINGS_QUERY is a non-empty string" time="0.001364801">
        </testcase>
        <testcase classname="src/lib/__tests__/sanity.test.ts" name="GROQ query definitions &gt; ALL_PAGE_SLUGS_QUERY targets page type with slug projection" time="0.0003931">
        </testcase>
        <testcase classname="src/lib/__tests__/sanity.test.ts" name="GROQ query definitions &gt; PAGE_BY_SLUG_QUERY includes all block type projections" time="0.000645841">
        </testcase>
        <testcase classname="src/lib/__tests__/sanity.test.ts" name="GROQ query definitions &gt; PAGE_BY_SLUG_QUERY uses $slug parameter" time="0.000219196">
        </testcase>
        <testcase classname="src/lib/__tests__/sanity.test.ts" name="loadQuery() &gt; calls sanityClient.fetch with query and params" time="0.002191087">
        </testcase>
        <testcase classname="src/lib/__tests__/sanity.test.ts" name="loadQuery() &gt; defaults params to empty object when not provided" time="0.000885575">
        </testcase>
        <testcase classname="src/lib/__tests__/sanity.test.ts" name="loadQuery() &gt; uses published perspective when visual editing is disabled" time="0.000626376">
        </testcase>
        <testcase classname="src/lib/__tests__/sanity.test.ts" name="getSiteSettings() &gt; throws when no siteSettings document exists" time="0.000921409">
        </testcase>
        <testcase classname="src/lib/__tests__/sanity.test.ts" name="getSiteSettings() &gt; returns site settings when document exists" time="0.000276882">
        </testcase>
    </testsuite>
    <testsuite name="src/lib/__tests__/utils.test.ts" timestamp="2026-02-10T08:31:44.528Z" hostname="jsingh" tests="9" failures="0" errors="0" skipped="0" time="0.010324081">
        <testcase classname="src/lib/__tests__/utils.test.ts" name="cn() — class name utility &gt; merges simple class strings" time="0.006067271">
        </testcase>
        <testcase classname="src/lib/__tests__/utils.test.ts" name="cn() — class name utility &gt; resolves Tailwind conflicts (last wins)" time="0.000314306">
        </testcase>
        <testcase classname="src/lib/__tests__/utils.test.ts" name="cn() — class name utility &gt; handles conditional classes via clsx" time="0.000181068">
        </testcase>
        <testcase classname="src/lib/__tests__/utils.test.ts" name="cn() — class name utility &gt; handles undefined and null inputs" time="0.000115724">
        </testcase>
        <testcase classname="src/lib/__tests__/utils.test.ts" name="cn() — class name utility &gt; handles empty string inputs" time="0.000246883">
        </testcase>
        <testcase classname="src/lib/__tests__/utils.test.ts" name="cn() — class name utility &gt; handles array inputs" time="0.00016151">
        </testcase>
        <testcase classname="src/lib/__tests__/utils.test.ts" name="cn() — class name utility &gt; handles object inputs (truthy keys)" time="0.000124474">
        </testcase>
        <testcase classname="src/lib/__tests__/utils.test.ts" name="cn() — class name utility &gt; returns empty string for no valid inputs" time="0.000626884">
        </testcase>
        <testcase classname="src/lib/__tests__/utils.test.ts" name="cn() — class name utility &gt; merges complex Tailwind utility conflicts" time="0.000967626">
        </testcase>
    </testsuite>
    <testsuite name="src/scripts/__tests__/main.test.ts" timestamp="2026-02-10T08:31:44.532Z" hostname="jsingh" tests="8" failures="0" errors="0" skipped="0" time="0.034378982">
        <testcase classname="src/scripts/__tests__/main.test.ts" name="Carousel logic &gt; carousel DOM has correct initial state" time="0.016927107">
        </testcase>
        <testcase classname="src/scripts/__tests__/main.test.ts" name="Carousel logic &gt; goToSlide logic transitions state correctly" time="0.003233689">
        </testcase>
        <testcase classname="src/scripts/__tests__/main.test.ts" name="Carousel logic &gt; nextSlide wraps around correctly" time="0.002135164">
        </testcase>
        <testcase classname="src/scripts/__tests__/main.test.ts" name="Contact form logic &gt; form DOM structure is correct" time="0.004738883">
        </testcase>
        <testcase classname="src/scripts/__tests__/main.test.ts" name="Contact form logic &gt; submit button can be programmatically disabled" time="0.002541839">
        </testcase>
        <testcase classname="src/scripts/__tests__/main.test.ts" name="Contact form logic &gt; form state can be set to success" time="0.001770414">
        </testcase>
        <testcase classname="src/scripts/__tests__/main.test.ts" name="Scroll animation logic &gt; IntersectionObserver is NOT natively available in jsdom (requires polyfill in real app)" time="0.000197466">
        </testcase>
        <testcase classname="src/scripts/__tests__/main.test.ts" name="Scroll animation logic &gt; data-animate elements can receive animate-visible class" time="0.001344176">
        </testcase>
    </testsuite>
</testsuites>
